# JRE version: Java(TM) SE Runtime Environment (8.0_251-b08) (build 1.8.0_251-b08)
# Java VM: Java HotSpot(TM) 64-Bit Server VM (25.251-b08 mixed mode linux-amd64 compressed oops)
Heap:
 def new generation   total 7424K, used 0K [0x00000000e8a00000, 0x00000000e9200000, 0x00000000f06a0000)
  eden space 6656K,   0% used [0x00000000e8a00000, 0x00000000e8a00000, 0x00000000e9080000)
  from space 768K,   0% used [0x00000000e9080000, 0x00000000e9080000, 0x00000000e9140000)
  to   space 768K,   0% used [0x00000000e9140000, 0x00000000e9140000, 0x00000000e9200000)
 tenured generation   total 16384K, used 13851K [0x00000000f06a0000, 0x00000000f16a0000, 0x0000000100000000)
   the space 16384K,  84% used [0x00000000f06a0000, 0x00000000f1426ca8, 0x00000000f1426e00, 0x00000000f16a0000)
 Metaspace       used 20800K, capacity 21076K, committed 21248K, reserved 1067008K
  class space    used 2675K, capacity 2766K, committed 2816K, reserved 1048576K
GC Heap History (10 events):
Event: 12.706 GC heap after
Heap after GC invocations=30 (full 0):
 def new generation   total 7424K, used 445K [0x00000000e8a00000, 0x00000000e9200000, 0x00000000f06a0000)
  eden space 6656K,   0% used [0x00000000e8a00000, 0x00000000e8a00000, 0x00000000e9080000)
  from space 768K,  58% used [0x00000000e9080000, 0x00000000e90ef618, 0x00000000e9140000)
  to   space 768K,   0% used [0x00000000e9140000, 0x00000000e9140000, 0x00000000e9200000)
 tenured generation   total 16384K, used 9956K [0x00000000f06a0000, 0x00000000f16a0000, 0x0000000100000000)
   the space 16384K,  60% used [0x00000000f06a0000, 0x00000000f10592b0, 0x00000000f1059400, 0x00000000f16a0000)
 Metaspace       used 19627K, capacity 19912K, committed 20352K, reserved 1067008K
  class space    used 2487K, capacity 2572K, committed 2688K, reserved 1048576K
}
Event: 13.424 GC heap before
{Heap before GC invocations=30 (full 0):
 def new generation   total 7424K, used 7101K [0x00000000e8a00000, 0x00000000e9200000, 0x00000000f06a0000)
  eden space 6656K, 100% used [0x00000000e8a00000, 0x00000000e9080000, 0x00000000e9080000)
  from space 768K,  58% used [0x00000000e9080000, 0x00000000e90ef618, 0x00000000e9140000)
  to   space 768K,   0% used [0x00000000e9140000, 0x00000000e9140000, 0x00000000e9200000)
 tenured generation   total 16384K, used 9956K [0x00000000f06a0000, 0x00000000f16a0000, 0x0000000100000000)
   the space 16384K,  60% used [0x00000000f06a0000, 0x00000000f10592b0, 0x00000000f1059400, 0x00000000f16a0000)
 Metaspace       used 19671K, capacity 19912K, committed 20352K, reserved 1067008K
  class space    used 2497K, capacity 2572K, committed 2688K, reserved 1048576K
Event: 13.428 GC heap after
Heap after GC invocations=31 (full 0):
 def new generation   total 7424K, used 439K [0x00000000e8a00000, 0x00000000e9200000, 0x00000000f06a0000)
  eden space 6656K,   0% used [0x00000000e8a00000, 0x00000000e8a00000, 0x00000000e9080000)
  from space 768K,  57% used [0x00000000e9140000, 0x00000000e91adc98, 0x00000000e9200000)
  to   space 768K,   0% used [0x00000000e9080000, 0x00000000e9080000, 0x00000000e9140000)
 tenured generation   total 16384K, used 10153K [0x00000000f06a0000, 0x00000000f16a0000, 0x0000000100000000)
   the space 16384K,  61% used [0x00000000f06a0000, 0x00000000f108a4a0, 0x00000000f108a600, 0x00000000f16a0000)
 Metaspace       used 19671K, capacity 19912K, committed 20352K, reserved 1067008K
  class space    used 2497K, capacity 2572K, committed 2688K, reserved 1048576K
}
Event: 13.865 GC heap before
{Heap before GC invocations=31 (full 0):
 def new generation   total 7424K, used 7095K [0x00000000e8a00000, 0x00000000e9200000, 0x00000000f06a0000)
  eden space 6656K, 100% used [0x00000000e8a00000, 0x00000000e9080000, 0x00000000e9080000)
  from space 768K,  57% used [0x00000000e9140000, 0x00000000e91adc98, 0x00000000e9200000)
  to   space 768K,   0% used [0x00000000e9080000, 0x00000000e9080000, 0x00000000e9140000)
 tenured generation   total 16384K, used 10153K [0x00000000f06a0000, 0x00000000f16a0000, 0x0000000100000000)
   the space 16384K,  61% used [0x00000000f06a0000, 0x00000000f108a4a0, 0x00000000f108a600, 0x00000000f16a0000)
 Metaspace       used 19704K, capacity 20008K, committed 20352K, reserved 1067008K
  class space    used 2504K, capacity 2604K, committed 2688K, reserved 1048576K
Event: 13.983 GC heap after
Heap after GC invocations=32 (full 0):
 def new generation   total 7424K, used 298K [0x00000000e8a00000, 0x00000000e9200000, 0x00000000f06a0000)
  eden space 6656K,   0% used [0x00000000e8a00000, 0x00000000e8a00000, 0x00000000e9080000)
  from space 768K,  38% used [0x00000000e9080000, 0x00000000e90ca848, 0x00000000e9140000)
  to   space 768K,   0% used [0x00000000e9140000, 0x00000000e9140000, 0x00000000e9200000)
 tenured generation   total 16384K, used 10388K [0x00000000f06a0000, 0x00000000f16a0000, 0x0000000100000000)
   the space 16384K,  63% used [0x00000000f06a0000, 0x00000000f10c5358, 0x00000000f10c5400, 0x00000000f16a0000)
 Metaspace       used 19704K, capacity 20008K, committed 20352K, reserved 1067008K
  class space    used 2504K, capacity 2604K, committed 2688K, reserved 1048576K
}
Event: 19.513 GC heap before
{Heap before GC invocations=32 (full 0):
 def new generation   total 7424K, used 6954K [0x00000000e8a00000, 0x00000000e9200000, 0x00000000f06a0000)
  eden space 6656K, 100% used [0x00000000e8a00000, 0x00000000e9080000, 0x00000000e9080000)
  from space 768K,  38% used [0x00000000e9080000, 0x00000000e90ca848, 0x00000000e9140000)
  to   space 768K,   0% used [0x00000000e9140000, 0x00000000e9140000, 0x00000000e9200000)
 tenured generation   total 16384K, used 10388K [0x00000000f06a0000, 0x00000000f16a0000, 0x0000000100000000)
   the space 16384K,  63% used [0x00000000f06a0000, 0x00000000f10c5358, 0x00000000f10c5400, 0x00000000f16a0000)
 Metaspace       used 20513K, capacity 20846K, committed 21248K, reserved 1067008K
  class space    used 2635K, capacity 2733K, committed 2816K, reserved 1048576K
Event: 19.681 GC heap after
Heap after GC invocations=33 (full 0):
 def new generation   total 7424K, used 768K [0x00000000e8a00000, 0x00000000e9200000, 0x00000000f06a0000)
  eden space 6656K,   0% used [0x00000000e8a00000, 0x00000000e8a00000, 0x00000000e9080000)
  from space 768K, 100% used [0x00000000e9140000, 0x00000000e9200000, 0x00000000e9200000)
  to   space 768K,   0% used [0x00000000e9080000, 0x00000000e9080000, 0x00000000e9140000)
 tenured generation   total 16384K, used 13583K [0x00000000f06a0000, 0x00000000f16a0000, 0x0000000100000000)
   the space 16384K,  82% used [0x00000000f06a0000, 0x00000000f13e3dc0, 0x00000000f13e3e00, 0x00000000f16a0000)
 Metaspace       used 20513K, capacity 20846K, committed 21248K, reserved 1067008K
  class space    used 2635K, capacity 2733K, committed 2816K, reserved 1048576K
}
Event: 24.222 GC heap before
{Heap before GC invocations=33 (full 0):
 def new generation   total 7424K, used 7424K [0x00000000e8a00000, 0x00000000e9200000, 0x00000000f06a0000)
  eden space 6656K, 100% used [0x00000000e8a00000, 0x00000000e9080000, 0x00000000e9080000)
  from space 768K, 100% used [0x00000000e9140000, 0x00000000e9200000, 0x00000000e9200000)
  to   space 768K,   0% used [0x00000000e9080000, 0x00000000e9080000, 0x00000000e9140000)
 tenured generation   total 16384K, used 13583K [0x00000000f06a0000, 0x00000000f16a0000, 0x0000000100000000)
   the space 16384K,  82% used [0x00000000f06a0000, 0x00000000f13e3dc0, 0x00000000f13e3e00, 0x00000000f16a0000)
 Metaspace       used 20531K, capacity 20852K, committed 21248K, reserved 1067008K
  class space    used 2638K, capacity 2734K, committed 2816K, reserved 1048576K
Event: 35.322 GC heap after
Heap after GC invocations=34 (full 0):
 def new generation   total 7424K, used 177K [0x00000000e8a00000, 0x00000000e9200000, 0x00000000f06a0000)
  eden space 6656K,   0% used [0x00000000e8a00000, 0x00000000e8a00000, 0x00000000e9080000)
  from space 768K,  23% used [0x00000000e9080000, 0x00000000e90ac468, 0x00000000e9140000)
  to   space 768K,   0% used [0x00000000e9140000, 0x00000000e9140000, 0x00000000e9200000)
 tenured generation   total 16384K, used 14350K [0x00000000f06a0000, 0x00000000f16a0000, 0x0000000100000000)
   the space 16384K,  87% used [0x00000000f06a0000, 0x00000000f14a3940, 0x00000000f14a3a00, 0x00000000f16a0000)
 Metaspace       used 20531K, capacity 20852K, committed 21248K, reserved 1067008K
  class space    used 2638K, capacity 2734K, committed 2816K, reserved 1048576K
}
Event: 51.830 GC heap before
{Heap before GC invocations=34 (full 0):
 def new generation   total 7424K, used 5654K [0x00000000e8a00000, 0x00000000e9200000, 0x00000000f06a0000)
  eden space 6656K,  82% used [0x00000000e8a00000, 0x00000000e8f59628, 0x00000000e9080000)
  from space 768K,  23% used [0x00000000e9080000, 0x00000000e90ac468, 0x00000000e9140000)
  to   space 768K,   0% used [0x00000000e9140000, 0x00000000e9140000, 0x00000000e9200000)
 tenured generation   total 16384K, used 14350K [0x00000000f06a0000, 0x00000000f16a0000, 0x0000000100000000)
   the space 16384K,  87% used [0x00000000f06a0000, 0x00000000f14a3940, 0x00000000f14a3a00, 0x00000000f16a0000)
 Metaspace       used 20800K, capacity 21076K, committed 21248K, reserved 1067008K
  class space    used 2675K, capacity 2766K, committed 2816K, reserved 1048576K

